<?xml version="1.0" encoding="UTF-8"?>
<!-- Generated by org.testng.reporters.JUnitReportReporter -->
<testsuite hostname="MacBook-Pro-de-willians-romera.local" name="abril.test.automated.test.Tests" tests="1" failures="0" timestamp="24 Feb 2014 16:40:41 GMT" time="2.617" errors="0">
  <testcase name="Test1" time="2.617" classname="abril.test.automated.test.Tests"/>
</testsuite> <!-- abril.test.automated.test.Tests -->
